<?xml version="1.0" encoding="UTF-8"?>
<!-- Generated by org.testng.reporters.JUnitReportReporter -->
<testsuite skipped="0" hostname="LAPTOP-N64D0G7J" name="XMLGooglePOSTAPI" tests="1" failures="0" timestamp="30 Mar 2019 07:19:17 GMT" time="1.957" errors="0">
  <testcase name="postXMLData" time="1.957" classname="XMLGooglePOSTAPI"/>
</testsuite> <!-- XMLGooglePOSTAPI -->
