<?xml version="1.0" encoding="UTF-8"?>
<!-- Generated by org.testng.reporters.JUnitReportReporter -->
<testsuite skipped="0" hostname="LAPTOP-N64D0G7J" name="PostAddBookLibrary" tests="3" failures="0" timestamp="26 Jul 2020 11:53:45 GMT" time="4.159" errors="0">
  <testcase name="addBookPostAPI" time="0.381" classname="PostAddBookLibrary"/>
  <testcase name="addBookPostAPI" time="3.427" classname="PostAddBookLibrary"/>
  <testcase name="addBookPostAPI" time="0.351" classname="PostAddBookLibrary"/>
</testsuite> <!-- PostAddBookLibrary -->
