<?xml version="1.0" encoding="UTF-8"?>
<!-- Generated by org.testng.reporters.JUnitReportReporter -->
<testsuite skipped="0" hostname="LAPTOP-N64D0G7J" name="GooglePOSTAPI" tests="1" failures="0" timestamp="29 Mar 2019 17:35:25 GMT" time="3.168" errors="0">
  <testcase name="postData" time="3.168" classname="GooglePOSTAPI"/>
</testsuite> <!-- GooglePOSTAPI -->
